<?xml version="1.0" encoding="UTF-8"?>
<testsuite name="org.apache.commons.configuration.TestCombinedConfiguration" time="5.775" tests="41" errors="0" skipped="0" failures="0">
  <properties>
    <property name="java.runtime.name" value="OpenJDK Runtime Environment"/>
    <property name="sun.boot.library.path" value="/usr/lib/jvm/java-7-openjdk-amd64/jre/lib/amd64"/>
    <property name="java.vm.version" value="23.7-b01"/>
    <property name="java.vm.vendor" value="Oracle Corporation"/>
    <property name="java.vendor.url" value="http://java.oracle.com/"/>
    <property name="path.separator" value=":"/>
    <property name="java.vm.name" value="OpenJDK 64-Bit Server VM"/>
    <property name="file.encoding.pkg" value="sun.io"/>
    <property name="user.country" value="US"/>
    <property name="sun.java.launcher" value="SUN_STANDARD"/>
    <property name="sun.os.patch.level" value="unknown"/>
    <property name="java.vm.specification.name" value="Java Virtual Machine Specification"/>
    <property name="user.dir" value="/home/encarnae/Work/EmailUI/libs/commons-configuration-1.10-src"/>
    <property name="java.runtime.version" value="1.7.0_21-b02"/>
    <property name="java.awt.graphicsenv" value="sun.awt.X11GraphicsEnvironment"/>
    <property name="java.endorsed.dirs" value="/usr/lib/jvm/java-7-openjdk-amd64/jre/lib/endorsed"/>
    <property name="os.arch" value="amd64"/>
    <property name="java.io.tmpdir" value="/tmp"/>
    <property name="line.separator" value="&#10;"/>
    <property name="java.vm.specification.vendor" value="Oracle Corporation"/>
    <property name="os.name" value="Linux"/>
    <property name="classworlds.conf" value="/usr/share/maven2/bin/m2.conf"/>
    <property name="sun.jnu.encoding" value="UTF-8"/>
    <property name="java.library.path" value="/usr/java/packages/lib/amd64:/usr/lib/jni:/lib:/usr/lib"/>
    <property name="java.specification.name" value="Java Platform API Specification"/>
    <property name="java.class.version" value="51.0"/>
    <property name="sun.management.compiler" value="HotSpot 64-Bit Tiered Compilers"/>
    <property name="os.version" value="3.5.0-17-generic"/>
    <property name="user.home" value="/home/encarnae"/>
    <property name="user.timezone" value="America/New_York"/>
    <property name="java.awt.printerjob" value="sun.print.PSPrinterJob"/>
    <property name="file.encoding" value="UTF-8"/>
    <property name="java.specification.version" value="1.7"/>
    <property name="user.name" value="encarnae"/>
    <property name="java.class.path" value="/usr/share/maven2/boot/classworlds.jar"/>
    <property name="java.vm.specification.version" value="1.7"/>
    <property name="sun.arch.data.model" value="64"/>
    <property name="java.home" value="/usr/lib/jvm/java-7-openjdk-amd64/jre"/>
    <property name="sun.java.command" value="org.codehaus.classworlds.Launcher &quot;install&quot;"/>
    <property name="java.specification.vendor" value="Oracle Corporation"/>
    <property name="user.language" value="en"/>
    <property name="awt.toolkit" value="sun.awt.X11.XToolkit"/>
    <property name="java.vm.info" value="mixed mode"/>
    <property name="java.version" value="1.7.0_21"/>
    <property name="java.ext.dirs" value="/usr/lib/jvm/java-7-openjdk-amd64/jre/lib/ext:/usr/java/packages/lib/ext"/>
    <property name="securerandom.source" value="file:/dev/./urandom"/>
    <property name="sun.boot.class.path" value="/usr/lib/jvm/java-7-openjdk-amd64/jre/lib/resources.jar:/usr/lib/jvm/java-7-openjdk-amd64/jre/lib/rt.jar:/usr/lib/jvm/java-7-openjdk-amd64/jre/lib/sunrsasign.jar:/usr/lib/jvm/java-7-openjdk-amd64/jre/lib/jsse.jar:/usr/lib/jvm/java-7-openjdk-amd64/jre/lib/jce.jar:/usr/lib/jvm/java-7-openjdk-amd64/jre/lib/charsets.jar:/usr/lib/jvm/java-7-openjdk-amd64/jre/lib/netx.jar:/usr/lib/jvm/java-7-openjdk-amd64/jre/lib/plugin.jar:/usr/lib/jvm/java-7-openjdk-amd64/jre/lib/rhino.jar:/usr/lib/jvm/java-7-openjdk-amd64/jre/lib/jfr.jar:/usr/lib/jvm/java-7-openjdk-amd64/jre/classes"/>
    <property name="java.vendor" value="Oracle Corporation"/>
    <property name="maven.home" value="/usr/share/maven2"/>
    <property name="file.separator" value="/"/>
    <property name="java.vendor.url.bug" value="http://bugreport.sun.com/bugreport/"/>
    <property name="sun.cpu.endian" value="little"/>
    <property name="sun.io.unicode.encoding" value="UnicodeLittle"/>
    <property name="sun.desktop" value="gnome"/>
    <property name="sun.cpu.isalist" value=""/>
  </properties>
  <testcase name="testAccessPropertyEmpty" classname="org.apache.commons.configuration.TestCombinedConfiguration" time="0.001"/>
  <testcase name="testAccessPropertyMulti" classname="org.apache.commons.configuration.TestCombinedConfiguration" time="0"/>
  <testcase name="testGetSourceMulti" classname="org.apache.commons.configuration.TestCombinedConfiguration" time="0.001"/>
  <testcase name="testEscapeListDelimiters" classname="org.apache.commons.configuration.TestCombinedConfiguration" time="0"/>
  <testcase name="testReloadingNestedCC" classname="org.apache.commons.configuration.TestCombinedConfiguration" time="0.015"/>
  <testcase name="testDeadlockWithReload" classname="org.apache.commons.configuration.TestCombinedConfiguration" time="1.042"/>
  <testcase name="testInvalidateAfterChange" classname="org.apache.commons.configuration.TestCombinedConfiguration" time="0"/>
  <testcase name="testConversionExpressionEngine" classname="org.apache.commons.configuration.TestCombinedConfiguration" time="0"/>
  <testcase name="testRemoveNonContainedConfiguration" classname="org.apache.commons.configuration.TestCombinedConfiguration" time="0"/>
  <testcase name="testClear" classname="org.apache.commons.configuration.TestCombinedConfiguration" time="0"/>
  <testcase name="testClone" classname="org.apache.commons.configuration.TestCombinedConfiguration" time="0.001"/>
  <testcase name="testInit" classname="org.apache.commons.configuration.TestCombinedConfiguration" time="0"/>
  <testcase name="testReloadingSubnodeConfig" classname="org.apache.commons.configuration.TestCombinedConfiguration" time="0.007"/>
  <testcase name="testCloneModify" classname="org.apache.commons.configuration.TestCombinedConfiguration" time="0"/>
  <testcase name="testGetSourceNonHierarchical" classname="org.apache.commons.configuration.TestCombinedConfiguration" time="0.001"/>
  <testcase name="testRemoveNamedConfiguration" classname="org.apache.commons.configuration.TestCombinedConfiguration" time="0.001"/>
  <testcase name="testAddConfigurationAt" classname="org.apache.commons.configuration.TestCombinedConfiguration" time="0.001"/>
  <testcase name="testGetSourceCombined" classname="org.apache.commons.configuration.TestCombinedConfiguration" time="0"/>
  <testcase name="testAddConfigurationWithNameTwice" classname="org.apache.commons.configuration.TestCombinedConfiguration" time="0"/>
  <testcase name="testAddNullConfiguration" classname="org.apache.commons.configuration.TestCombinedConfiguration" time="0"/>
  <testcase name="testRemoveConfiguration" classname="org.apache.commons.configuration.TestCombinedConfiguration" time="0.001"/>
  <testcase name="testGetSourceMultiSources" classname="org.apache.commons.configuration.TestCombinedConfiguration" time="0"/>
  <testcase name="testAddConfigurationComplexAt" classname="org.apache.commons.configuration.TestCombinedConfiguration" time="0.001"/>
  <testcase name="testRemoveConfigurationByName" classname="org.apache.commons.configuration.TestCombinedConfiguration" time="0"/>
  <testcase name="testGetSourceNull" classname="org.apache.commons.configuration.TestCombinedConfiguration" time="0"/>
  <testcase name="testGetSourceHierarchical" classname="org.apache.commons.configuration.TestCombinedConfiguration" time="0"/>
  <testcase name="testAddConfiguration" classname="org.apache.commons.configuration.TestCombinedConfiguration" time="0"/>
  <testcase name="testSetNodeCombiner" classname="org.apache.commons.configuration.TestCombinedConfiguration" time="0.001"/>
  <testcase name="testRemoveConfigurationByUnknownName" classname="org.apache.commons.configuration.TestCombinedConfiguration" time="0"/>
  <testcase name="testRemoveConfigurationAt" classname="org.apache.commons.configuration.TestCombinedConfiguration" time="0.001"/>
  <testcase name="testReloading" classname="org.apache.commons.configuration.TestCombinedConfiguration" time="0.053"/>
  <testcase name="testAddConfigurationWithName" classname="org.apache.commons.configuration.TestCombinedConfiguration" time="0"/>
  <testcase name="testRemoveNamedConfigurationAt" classname="org.apache.commons.configuration.TestCombinedConfiguration" time="0.001"/>
  <testcase name="testCombinedCopyToXML" classname="org.apache.commons.configuration.TestCombinedConfiguration" time="0.004"/>
  <testcase name="testGetConfigurations" classname="org.apache.commons.configuration.TestCombinedConfiguration" time="0.001"/>
  <testcase name="testConcurrentGetAndReload" classname="org.apache.commons.configuration.TestCombinedConfiguration" time="4.636"/>
  <testcase name="testGetSourceUnknown" classname="org.apache.commons.configuration.TestCombinedConfiguration" time="0"/>
  <testcase name="testReloadWithSubNodeConfig" classname="org.apache.commons.configuration.TestCombinedConfiguration" time="0.004"/>
  <testcase name="testUpdateContainedConfiguration" classname="org.apache.commons.configuration.TestCombinedConfiguration" time="0.001"/>
  <testcase name="testSetNullNodeCombiner" classname="org.apache.commons.configuration.TestCombinedConfiguration" time="0"/>
  <testcase name="testGetConfigurationNameList" classname="org.apache.commons.configuration.TestCombinedConfiguration" time="0.001"/>
</testsuite>