<?xml version="1.0" encoding="UTF-8"?>
<testsuite name="org.apache.commons.configuration.TestDefaultConfigurationBuilder" time="0.377" tests="50" errors="0" skipped="0" failures="0">
  <properties>
    <property name="java.runtime.name" value="OpenJDK Runtime Environment"/>
    <property name="sun.boot.library.path" value="/usr/lib/jvm/java-7-openjdk-amd64/jre/lib/amd64"/>
    <property name="java.vm.version" value="23.7-b01"/>
    <property name="java.vm.vendor" value="Oracle Corporation"/>
    <property name="java.vendor.url" value="http://java.oracle.com/"/>
    <property name="path.separator" value=":"/>
    <property name="java.vm.name" value="OpenJDK 64-Bit Server VM"/>
    <property name="file.encoding.pkg" value="sun.io"/>
    <property name="user.country" value="US"/>
    <property name="sun.java.launcher" value="SUN_STANDARD"/>
    <property name="sun.os.patch.level" value="unknown"/>
    <property name="java.vm.specification.name" value="Java Virtual Machine Specification"/>
    <property name="user.dir" value="/home/encarnae/Work/EmailUI/libs/commons-configuration-1.10-src"/>
    <property name="java.runtime.version" value="1.7.0_21-b02"/>
    <property name="java.awt.graphicsenv" value="sun.awt.X11GraphicsEnvironment"/>
    <property name="java.endorsed.dirs" value="/usr/lib/jvm/java-7-openjdk-amd64/jre/lib/endorsed"/>
    <property name="os.arch" value="amd64"/>
    <property name="java.io.tmpdir" value="/tmp"/>
    <property name="line.separator" value="&#10;"/>
    <property name="java.vm.specification.vendor" value="Oracle Corporation"/>
    <property name="os.name" value="Linux"/>
    <property name="classworlds.conf" value="/usr/share/maven2/bin/m2.conf"/>
    <property name="sun.jnu.encoding" value="UTF-8"/>
    <property name="java.library.path" value="/usr/java/packages/lib/amd64:/usr/lib/jni:/lib:/usr/lib"/>
    <property name="java.specification.name" value="Java Platform API Specification"/>
    <property name="java.class.version" value="51.0"/>
    <property name="sun.management.compiler" value="HotSpot 64-Bit Tiered Compilers"/>
    <property name="os.version" value="3.5.0-17-generic"/>
    <property name="user.home" value="/home/encarnae"/>
    <property name="user.timezone" value="America/New_York"/>
    <property name="java.awt.printerjob" value="sun.print.PSPrinterJob"/>
    <property name="file.encoding" value="UTF-8"/>
    <property name="java.specification.version" value="1.7"/>
    <property name="user.name" value="encarnae"/>
    <property name="java.class.path" value="/usr/share/maven2/boot/classworlds.jar"/>
    <property name="java.vm.specification.version" value="1.7"/>
    <property name="sun.arch.data.model" value="64"/>
    <property name="java.home" value="/usr/lib/jvm/java-7-openjdk-amd64/jre"/>
    <property name="sun.java.command" value="org.codehaus.classworlds.Launcher &quot;install&quot;"/>
    <property name="java.specification.vendor" value="Oracle Corporation"/>
    <property name="user.language" value="en"/>
    <property name="awt.toolkit" value="sun.awt.X11.XToolkit"/>
    <property name="java.vm.info" value="mixed mode"/>
    <property name="java.version" value="1.7.0_21"/>
    <property name="java.ext.dirs" value="/usr/lib/jvm/java-7-openjdk-amd64/jre/lib/ext:/usr/java/packages/lib/ext"/>
    <property name="securerandom.source" value="file:/dev/./urandom"/>
    <property name="sun.boot.class.path" value="/usr/lib/jvm/java-7-openjdk-amd64/jre/lib/resources.jar:/usr/lib/jvm/java-7-openjdk-amd64/jre/lib/rt.jar:/usr/lib/jvm/java-7-openjdk-amd64/jre/lib/sunrsasign.jar:/usr/lib/jvm/java-7-openjdk-amd64/jre/lib/jsse.jar:/usr/lib/jvm/java-7-openjdk-amd64/jre/lib/jce.jar:/usr/lib/jvm/java-7-openjdk-amd64/jre/lib/charsets.jar:/usr/lib/jvm/java-7-openjdk-amd64/jre/lib/netx.jar:/usr/lib/jvm/java-7-openjdk-amd64/jre/lib/plugin.jar:/usr/lib/jvm/java-7-openjdk-amd64/jre/lib/rhino.jar:/usr/lib/jvm/java-7-openjdk-amd64/jre/lib/jfr.jar:/usr/lib/jvm/java-7-openjdk-amd64/jre/classes"/>
    <property name="java.vendor" value="Oracle Corporation"/>
    <property name="maven.home" value="/usr/share/maven2"/>
    <property name="file.separator" value="/"/>
    <property name="java.vendor.url.bug" value="http://bugreport.sun.com/bugreport/"/>
    <property name="sun.cpu.endian" value="little"/>
    <property name="sun.io.unicode.encoding" value="UnicodeLittle"/>
    <property name="sun.desktop" value="gnome"/>
    <property name="sun.cpu.isalist" value=""/>
  </properties>
  <testcase name="testLoadAdditional" classname="org.apache.commons.configuration.TestDefaultConfigurationBuilder" time="0.006"/>
  <testcase name="testLoadOptional" classname="org.apache.commons.configuration.TestDefaultConfigurationBuilder" time="0.007"/>
  <testcase name="testValidation3" classname="org.apache.commons.configuration.TestDefaultConfigurationBuilder" time="0.038"/>
  <testcase name="testRemoveConfigurationProvider" classname="org.apache.commons.configuration.TestDefaultConfigurationBuilder" time="0"/>
  <testcase name="testAddConfigurationProviderNullTag" classname="org.apache.commons.configuration.TestDefaultConfigurationBuilder" time="0"/>
  <testcase name="testLoadOptionalNonFileBased" classname="org.apache.commons.configuration.TestDefaultConfigurationBuilder" time="0.006"/>
  <testcase name="testLoadConfigurationFromURL" classname="org.apache.commons.configuration.TestDefaultConfigurationBuilder" time="0.01"/>
  <testcase name="testLoadConfigurationFromFile" classname="org.apache.commons.configuration.TestDefaultConfigurationBuilder" time="0.006"/>
  <testcase name="testCombinedConfigurationAttributes" classname="org.apache.commons.configuration.TestDefaultConfigurationBuilder" time="0.023"/>
  <testcase name="testCombinedConfigurationStructure" classname="org.apache.commons.configuration.TestDefaultConfigurationBuilder" time="0.02"/>
  <testcase name="testMerge" classname="org.apache.commons.configuration.TestDefaultConfigurationBuilder" time="0.006"/>
  <testcase name="testLoadDifferentSources" classname="org.apache.commons.configuration.TestDefaultConfigurationBuilder" time="0.014"/>
  <testcase name="testCombinedConfigurationNoAdditional" classname="org.apache.commons.configuration.TestDefaultConfigurationBuilder" time="0.005"/>
  <testcase name="testSystemProperties" classname="org.apache.commons.configuration.TestDefaultConfigurationBuilder" time="0.004"/>
  <testcase name="testValidation" classname="org.apache.commons.configuration.TestDefaultConfigurationBuilder" time="0.008"/>
  <testcase name="testExtendedClass" classname="org.apache.commons.configuration.TestDefaultConfigurationBuilder" time="0.014"/>
  <testcase name="testConfigurationProvider" classname="org.apache.commons.configuration.TestDefaultConfigurationBuilder" time="0.012"/>
  <testcase name="testLoadXMLWithSettings" classname="org.apache.commons.configuration.TestDefaultConfigurationBuilder" time="0.015"/>
  <testcase name="testConfigurationBuilderProviderOverrideProperties" classname="org.apache.commons.configuration.TestDefaultConfigurationBuilder" time="0.001"/>
  <testcase name="testMultiTenentConfiguration" classname="org.apache.commons.configuration.TestDefaultConfigurationBuilder" time="0.017"/>
  <testcase name="testConfigurationBuilderProvider" classname="org.apache.commons.configuration.TestDefaultConfigurationBuilder" time="0.007"/>
  <testcase name="testLoadOptionalBuilderForceCreate" classname="org.apache.commons.configuration.TestDefaultConfigurationBuilder" time="0.001"/>
  <testcase name="testDelimiterParsingDisabled" classname="org.apache.commons.configuration.TestDefaultConfigurationBuilder" time="0.007"/>
  <testcase name="testGlobalLookup" classname="org.apache.commons.configuration.TestDefaultConfigurationBuilder" time="0.013"/>
  <testcase name="testLogErrorListener" classname="org.apache.commons.configuration.TestDefaultConfigurationBuilder" time="0"/>
  <testcase name="testLoadOptionalChildBuilderSuppressErrorLog" classname="org.apache.commons.configuration.TestDefaultConfigurationBuilder" time="0.011"/>
  <testcase name="testConfigurationBeanFactoryCreateBean" classname="org.apache.commons.configuration.TestDefaultConfigurationBuilder" time="0"/>
  <testcase name="testLoadConfigurationFromFileName" classname="org.apache.commons.configuration.TestDefaultConfigurationBuilder" time="0.007"/>
  <testcase name="testConfigurationBuilderProviderInheritProperties" classname="org.apache.commons.configuration.TestDefaultConfigurationBuilder" time="0"/>
  <testcase name="testExtendedXMLConfigurationProvider" classname="org.apache.commons.configuration.TestDefaultConfigurationBuilder" time="0.014"/>
  <testcase name="testLoadOptionalForceCreateWithException" classname="org.apache.commons.configuration.TestDefaultConfigurationBuilder" time="0.001"/>
  <testcase name="testLoadConfiguration" classname="org.apache.commons.configuration.TestDefaultConfigurationBuilder" time="0.005"/>
  <testcase name="testLoadOptionalForceCreate" classname="org.apache.commons.configuration.TestDefaultConfigurationBuilder" time="0.001"/>
  <testcase name="testAddConfigurationProvider" classname="org.apache.commons.configuration.TestDefaultConfigurationBuilder" time="0"/>
  <testcase name="testConfigurationDeclarationIsReservedOptional" classname="org.apache.commons.configuration.TestDefaultConfigurationBuilder" time="0"/>
  <testcase name="testComplexInitialization" classname="org.apache.commons.configuration.TestDefaultConfigurationBuilder" time="0.018"/>
  <testcase name="testMultiTenantConfigurationAt" classname="org.apache.commons.configuration.TestDefaultConfigurationBuilder" time="0.01"/>
  <testcase name="testLoadOptionalErrorEvent" classname="org.apache.commons.configuration.TestDefaultConfigurationBuilder" time="0.001"/>
  <testcase name="testCombinedConfigurationListNodes" classname="org.apache.commons.configuration.TestDefaultConfigurationBuilder" time="0.017"/>
  <testcase name="testConfigurationDeclarationIsReservedAt" classname="org.apache.commons.configuration.TestDefaultConfigurationBuilder" time="0.001"/>
  <testcase name="testExpression" classname="org.apache.commons.configuration.TestDefaultConfigurationBuilder" time="0.02"/>
  <testcase name="testInterpolationOverMultipleSources" classname="org.apache.commons.configuration.TestDefaultConfigurationBuilder" time="0.008"/>
  <testcase name="testConfigurationDeclarationIsReserved" classname="org.apache.commons.configuration.TestDefaultConfigurationBuilder" time="0.001"/>
  <testcase name="testMultiTenentConfiguration2" classname="org.apache.commons.configuration.TestDefaultConfigurationBuilder" time="0.012"/>
  <testcase name="testMultiTenentConfiguration3" classname="org.apache.commons.configuration.TestDefaultConfigurationBuilder" time="0.009"/>
  <testcase name="testAddConfigurationProviderNull" classname="org.apache.commons.configuration.TestDefaultConfigurationBuilder" time="0"/>
  <testcase name="testSetConfigurationBasePath" classname="org.apache.commons.configuration.TestDefaultConfigurationBuilder" time="0"/>
  <testcase name="testConfigurationDeclarationOptionalAttributeInvalid" classname="org.apache.commons.configuration.TestDefaultConfigurationBuilder" time="0"/>
  <testcase name="testLoadOptionalWithException" classname="org.apache.commons.configuration.TestDefaultConfigurationBuilder" time="0.001"/>
  <testcase name="testConfigurationBeanFactoryCreateUnknownTag" classname="org.apache.commons.configuration.TestDefaultConfigurationBuilder" time="0"/>
</testsuite>