<?xml version="1.0" encoding="UTF-8"?>
<testsuite name="org.apache.commons.configuration.TestHierarchicalINIConfiguration" time="0.063" tests="52" errors="0" skipped="0" failures="0">
  <properties>
    <property name="java.runtime.name" value="OpenJDK Runtime Environment"/>
    <property name="sun.boot.library.path" value="/usr/lib/jvm/java-7-openjdk-amd64/jre/lib/amd64"/>
    <property name="java.vm.version" value="23.7-b01"/>
    <property name="java.vm.vendor" value="Oracle Corporation"/>
    <property name="java.vendor.url" value="http://java.oracle.com/"/>
    <property name="path.separator" value=":"/>
    <property name="java.vm.name" value="OpenJDK 64-Bit Server VM"/>
    <property name="file.encoding.pkg" value="sun.io"/>
    <property name="user.country" value="US"/>
    <property name="sun.java.launcher" value="SUN_STANDARD"/>
    <property name="sun.os.patch.level" value="unknown"/>
    <property name="java.vm.specification.name" value="Java Virtual Machine Specification"/>
    <property name="user.dir" value="/home/encarnae/Work/EmailUI/libs/commons-configuration-1.10-src"/>
    <property name="java.runtime.version" value="1.7.0_21-b02"/>
    <property name="java.awt.graphicsenv" value="sun.awt.X11GraphicsEnvironment"/>
    <property name="java.endorsed.dirs" value="/usr/lib/jvm/java-7-openjdk-amd64/jre/lib/endorsed"/>
    <property name="os.arch" value="amd64"/>
    <property name="java.io.tmpdir" value="/tmp"/>
    <property name="line.separator" value="&#10;"/>
    <property name="java.vm.specification.vendor" value="Oracle Corporation"/>
    <property name="os.name" value="Linux"/>
    <property name="classworlds.conf" value="/usr/share/maven2/bin/m2.conf"/>
    <property name="sun.jnu.encoding" value="UTF-8"/>
    <property name="java.library.path" value="/usr/java/packages/lib/amd64:/usr/lib/jni:/lib:/usr/lib"/>
    <property name="java.specification.name" value="Java Platform API Specification"/>
    <property name="java.class.version" value="51.0"/>
    <property name="sun.management.compiler" value="HotSpot 64-Bit Tiered Compilers"/>
    <property name="os.version" value="3.5.0-17-generic"/>
    <property name="user.home" value="/home/encarnae"/>
    <property name="user.timezone" value="America/New_York"/>
    <property name="java.awt.printerjob" value="sun.print.PSPrinterJob"/>
    <property name="file.encoding" value="UTF-8"/>
    <property name="java.specification.version" value="1.7"/>
    <property name="user.name" value="encarnae"/>
    <property name="java.class.path" value="/usr/share/maven2/boot/classworlds.jar"/>
    <property name="java.vm.specification.version" value="1.7"/>
    <property name="sun.arch.data.model" value="64"/>
    <property name="java.home" value="/usr/lib/jvm/java-7-openjdk-amd64/jre"/>
    <property name="sun.java.command" value="org.codehaus.classworlds.Launcher &quot;install&quot;"/>
    <property name="java.specification.vendor" value="Oracle Corporation"/>
    <property name="user.language" value="en"/>
    <property name="awt.toolkit" value="sun.awt.X11.XToolkit"/>
    <property name="java.vm.info" value="mixed mode"/>
    <property name="java.version" value="1.7.0_21"/>
    <property name="java.ext.dirs" value="/usr/lib/jvm/java-7-openjdk-amd64/jre/lib/ext:/usr/java/packages/lib/ext"/>
    <property name="securerandom.source" value="file:/dev/./urandom"/>
    <property name="sun.boot.class.path" value="/usr/lib/jvm/java-7-openjdk-amd64/jre/lib/resources.jar:/usr/lib/jvm/java-7-openjdk-amd64/jre/lib/rt.jar:/usr/lib/jvm/java-7-openjdk-amd64/jre/lib/sunrsasign.jar:/usr/lib/jvm/java-7-openjdk-amd64/jre/lib/jsse.jar:/usr/lib/jvm/java-7-openjdk-amd64/jre/lib/jce.jar:/usr/lib/jvm/java-7-openjdk-amd64/jre/lib/charsets.jar:/usr/lib/jvm/java-7-openjdk-amd64/jre/lib/netx.jar:/usr/lib/jvm/java-7-openjdk-amd64/jre/lib/plugin.jar:/usr/lib/jvm/java-7-openjdk-amd64/jre/lib/rhino.jar:/usr/lib/jvm/java-7-openjdk-amd64/jre/lib/jfr.jar:/usr/lib/jvm/java-7-openjdk-amd64/jre/classes"/>
    <property name="java.vendor" value="Oracle Corporation"/>
    <property name="maven.home" value="/usr/share/maven2"/>
    <property name="file.separator" value="/"/>
    <property name="java.vendor.url.bug" value="http://bugreport.sun.com/bugreport/"/>
    <property name="sun.cpu.endian" value="little"/>
    <property name="sun.io.unicode.encoding" value="UnicodeLittle"/>
    <property name="sun.desktop" value="gnome"/>
    <property name="sun.cpu.isalist" value=""/>
  </properties>
  <testcase name="testQuotedValueEmpty" classname="org.apache.commons.configuration.TestHierarchicalINIConfiguration" time="0.001"/>
  <testcase name="testSaveWithGlobalSection" classname="org.apache.commons.configuration.TestHierarchicalINIConfiguration" time="0.001"/>
  <testcase name="testListParsingDisabled" classname="org.apache.commons.configuration.TestHierarchicalINIConfiguration" time="0.001"/>
  <testcase name="testGetSections" classname="org.apache.commons.configuration.TestHierarchicalINIConfiguration" time="0"/>
  <testcase name="testMultipleSeparatorsQuoted" classname="org.apache.commons.configuration.TestHierarchicalINIConfiguration" time="0.001"/>
  <testcase name="testLineContinuationQuoted" classname="org.apache.commons.configuration.TestHierarchicalINIConfiguration" time="0"/>
  <testcase name="testLoadAlternativeSeparator" classname="org.apache.commons.configuration.TestHierarchicalINIConfiguration" time="0"/>
  <testcase name="testLoadFile" classname="org.apache.commons.configuration.TestHierarchicalINIConfiguration" time="0.001"/>
  <testcase name="testLineContinuationEmptyLine" classname="org.apache.commons.configuration.TestHierarchicalINIConfiguration" time="0.001"/>
  <testcase name="testWriteValueWithCommentChar" classname="org.apache.commons.configuration.TestHierarchicalINIConfiguration" time="0.001"/>
  <testcase name="testIsCommentLine" classname="org.apache.commons.configuration.TestHierarchicalINIConfiguration" time="0"/>
  <testcase name="testLineContinuationNone" classname="org.apache.commons.configuration.TestHierarchicalINIConfiguration" time="0"/>
  <testcase name="testValueWithDelimiters" classname="org.apache.commons.configuration.TestHierarchicalINIConfiguration" time="0.001"/>
  <testcase name="testGetSectionsGlobalOnly" classname="org.apache.commons.configuration.TestHierarchicalINIConfiguration" time="0"/>
  <testcase name="testLineContinuationQuotedComment" classname="org.apache.commons.configuration.TestHierarchicalINIConfiguration" time="0"/>
  <testcase name="testSaveKeysWithDelimiters" classname="org.apache.commons.configuration.TestHierarchicalINIConfiguration" time="0.001"/>
  <testcase name="testLoad" classname="org.apache.commons.configuration.TestHierarchicalINIConfiguration" time="0.001"/>
  <testcase name="testSave" classname="org.apache.commons.configuration.TestHierarchicalINIConfiguration" time="0.001"/>
  <testcase name="testQuotedValueWithComment" classname="org.apache.commons.configuration.TestHierarchicalINIConfiguration" time="0.001"/>
  <testcase name="testSaveClearedSection" classname="org.apache.commons.configuration.TestHierarchicalINIConfiguration" time="0.001"/>
  <testcase name="testLineContinuation" classname="org.apache.commons.configuration.TestHierarchicalINIConfiguration" time="0.001"/>
  <testcase name="testGetSectionGloabalMultiThreaded" classname="org.apache.commons.configuration.TestHierarchicalINIConfiguration" time="0.039"/>
  <testcase name="testGetSectionsNoGlobal" classname="org.apache.commons.configuration.TestHierarchicalINIConfiguration" time="0"/>
  <testcase name="testGetSectionNonExistingManipulate" classname="org.apache.commons.configuration.TestHierarchicalINIConfiguration" time="0"/>
  <testcase name="testGetPropertyNoValue" classname="org.apache.commons.configuration.TestHierarchicalINIConfiguration" time="0"/>
  <testcase name="testGetSectionDuplicate" classname="org.apache.commons.configuration.TestHierarchicalINIConfiguration" time="0"/>
  <testcase name="testValueWithComment" classname="org.apache.commons.configuration.TestHierarchicalINIConfiguration" time="0"/>
  <testcase name="testGetSectionExisting" classname="org.apache.commons.configuration.TestHierarchicalINIConfiguration" time="0"/>
  <testcase name="testLoadURL" classname="org.apache.commons.configuration.TestHierarchicalINIConfiguration" time="0"/>
  <testcase name="testMultipleSeparators" classname="org.apache.commons.configuration.TestHierarchicalINIConfiguration" time="0"/>
  <testcase name="testMergeDuplicateSection" classname="org.apache.commons.configuration.TestHierarchicalINIConfiguration" time="0"/>
  <testcase name="testGetSectionGlobal" classname="org.apache.commons.configuration.TestHierarchicalINIConfiguration" time="0"/>
  <testcase name="testGetSectionNonExisting" classname="org.apache.commons.configuration.TestHierarchicalINIConfiguration" time="0"/>
  <testcase name="testGetSectionMerged" classname="org.apache.commons.configuration.TestHierarchicalINIConfiguration" time="0.001"/>
  <testcase name="testSaveWithOnlyGlobalSection" classname="org.apache.commons.configuration.TestHierarchicalINIConfiguration" time="0.001"/>
  <testcase name="testQuotedValueWithWhitespace" classname="org.apache.commons.configuration.TestHierarchicalINIConfiguration" time="0.001"/>
  <testcase name="testQuotedValue" classname="org.apache.commons.configuration.TestHierarchicalINIConfiguration" time="0"/>
  <testcase name="testLineContinuationComment" classname="org.apache.commons.configuration.TestHierarchicalINIConfiguration" time="0"/>
  <testcase name="testIsSectionLine" classname="org.apache.commons.configuration.TestHierarchicalINIConfiguration" time="0"/>
  <testcase name="testQuotedValueWithQuotes" classname="org.apache.commons.configuration.TestHierarchicalINIConfiguration" time="0"/>
  <testcase name="testGetPropertyNoKey" classname="org.apache.commons.configuration.TestHierarchicalINIConfiguration" time="0"/>
  <testcase name="testGetSectionsAdded" classname="org.apache.commons.configuration.TestHierarchicalINIConfiguration" time="0.001"/>
  <testcase name="testGetSectionsWithGlobal" classname="org.apache.commons.configuration.TestHierarchicalINIConfiguration" time="0.001"/>
  <testcase name="testQuotedValueWithWhitespaceAndComment" classname="org.apache.commons.configuration.TestHierarchicalINIConfiguration" time="0"/>
  <testcase name="testValueWithSemicolon" classname="org.apache.commons.configuration.TestHierarchicalINIConfiguration" time="0.001"/>
  <testcase name="testSeparators" classname="org.apache.commons.configuration.TestHierarchicalINIConfiguration" time="0.001"/>
  <testcase name="testQuotedValueWithSingleQuotes" classname="org.apache.commons.configuration.TestHierarchicalINIConfiguration" time="0"/>
  <testcase name="testGetSectionsDottedVar" classname="org.apache.commons.configuration.TestHierarchicalINIConfiguration" time="0.001"/>
  <testcase name="testLoadFileName" classname="org.apache.commons.configuration.TestHierarchicalINIConfiguration" time="0.001"/>
  <testcase name="testLineContinuationAtEnd" classname="org.apache.commons.configuration.TestHierarchicalINIConfiguration" time="0"/>
  <testcase name="testGetSectionGlobalNonExisting" classname="org.apache.commons.configuration.TestHierarchicalINIConfiguration" time="0.001"/>
  <testcase name="testGlobalProperty" classname="org.apache.commons.configuration.TestHierarchicalINIConfiguration" time="0"/>
</testsuite>