<?xml version="1.0" encoding="UTF-8"?>
<testsuite name="org.apache.commons.configuration.TestXMLConfiguration" time="2.561" tests="95" errors="0" skipped="0" failures="0">
  <properties>
    <property name="java.runtime.name" value="OpenJDK Runtime Environment"/>
    <property name="sun.boot.library.path" value="/usr/lib/jvm/java-7-openjdk-amd64/jre/lib/amd64"/>
    <property name="java.vm.version" value="23.7-b01"/>
    <property name="java.vm.vendor" value="Oracle Corporation"/>
    <property name="java.vendor.url" value="http://java.oracle.com/"/>
    <property name="path.separator" value=":"/>
    <property name="java.vm.name" value="OpenJDK 64-Bit Server VM"/>
    <property name="file.encoding.pkg" value="sun.io"/>
    <property name="user.country" value="US"/>
    <property name="sun.java.launcher" value="SUN_STANDARD"/>
    <property name="sun.os.patch.level" value="unknown"/>
    <property name="java.vm.specification.name" value="Java Virtual Machine Specification"/>
    <property name="user.dir" value="/home/encarnae/Work/EmailUI/libs/commons-configuration-1.10-src"/>
    <property name="java.runtime.version" value="1.7.0_21-b02"/>
    <property name="java.awt.graphicsenv" value="sun.awt.X11GraphicsEnvironment"/>
    <property name="java.endorsed.dirs" value="/usr/lib/jvm/java-7-openjdk-amd64/jre/lib/endorsed"/>
    <property name="os.arch" value="amd64"/>
    <property name="java.io.tmpdir" value="/tmp"/>
    <property name="line.separator" value="&#10;"/>
    <property name="java.vm.specification.vendor" value="Oracle Corporation"/>
    <property name="os.name" value="Linux"/>
    <property name="classworlds.conf" value="/usr/share/maven2/bin/m2.conf"/>
    <property name="sun.jnu.encoding" value="UTF-8"/>
    <property name="java.library.path" value="/usr/java/packages/lib/amd64:/usr/lib/jni:/lib:/usr/lib"/>
    <property name="java.specification.name" value="Java Platform API Specification"/>
    <property name="java.class.version" value="51.0"/>
    <property name="sun.management.compiler" value="HotSpot 64-Bit Tiered Compilers"/>
    <property name="os.version" value="3.5.0-17-generic"/>
    <property name="user.home" value="/home/encarnae"/>
    <property name="user.timezone" value="America/New_York"/>
    <property name="java.awt.printerjob" value="sun.print.PSPrinterJob"/>
    <property name="file.encoding" value="UTF-8"/>
    <property name="java.specification.version" value="1.7"/>
    <property name="user.name" value="encarnae"/>
    <property name="java.class.path" value="/usr/share/maven2/boot/classworlds.jar"/>
    <property name="java.vm.specification.version" value="1.7"/>
    <property name="sun.arch.data.model" value="64"/>
    <property name="java.home" value="/usr/lib/jvm/java-7-openjdk-amd64/jre"/>
    <property name="sun.java.command" value="org.codehaus.classworlds.Launcher &quot;install&quot;"/>
    <property name="java.specification.vendor" value="Oracle Corporation"/>
    <property name="user.language" value="en"/>
    <property name="awt.toolkit" value="sun.awt.X11.XToolkit"/>
    <property name="java.vm.info" value="mixed mode"/>
    <property name="java.version" value="1.7.0_21"/>
    <property name="java.ext.dirs" value="/usr/lib/jvm/java-7-openjdk-amd64/jre/lib/ext:/usr/java/packages/lib/ext"/>
    <property name="securerandom.source" value="file:/dev/./urandom"/>
    <property name="sun.boot.class.path" value="/usr/lib/jvm/java-7-openjdk-amd64/jre/lib/resources.jar:/usr/lib/jvm/java-7-openjdk-amd64/jre/lib/rt.jar:/usr/lib/jvm/java-7-openjdk-amd64/jre/lib/sunrsasign.jar:/usr/lib/jvm/java-7-openjdk-amd64/jre/lib/jsse.jar:/usr/lib/jvm/java-7-openjdk-amd64/jre/lib/jce.jar:/usr/lib/jvm/java-7-openjdk-amd64/jre/lib/charsets.jar:/usr/lib/jvm/java-7-openjdk-amd64/jre/lib/netx.jar:/usr/lib/jvm/java-7-openjdk-amd64/jre/lib/plugin.jar:/usr/lib/jvm/java-7-openjdk-amd64/jre/lib/rhino.jar:/usr/lib/jvm/java-7-openjdk-amd64/jre/lib/jfr.jar:/usr/lib/jvm/java-7-openjdk-amd64/jre/classes"/>
    <property name="java.vendor" value="Oracle Corporation"/>
    <property name="maven.home" value="/usr/share/maven2"/>
    <property name="file.separator" value="/"/>
    <property name="java.vendor.url.bug" value="http://bugreport.sun.com/bugreport/"/>
    <property name="sun.cpu.endian" value="little"/>
    <property name="sun.io.unicode.encoding" value="UnicodeLittle"/>
    <property name="sun.desktop" value="gnome"/>
    <property name="sun.cpu.isalist" value=""/>
  </properties>
  <testcase name="testAutoSave" classname="org.apache.commons.configuration.TestXMLConfiguration" time="0.024"/>
  <testcase name="testReloadingOOM" classname="org.apache.commons.configuration.TestXMLConfiguration" time="0.205"/>
  <testcase name="testLoadInvalidXML" classname="org.apache.commons.configuration.TestXMLConfiguration" time="0.005"/>
  <testcase name="testPreserveSpace" classname="org.apache.commons.configuration.TestXMLConfiguration" time="0.002"/>
  <testcase name="testSettingFileNames" classname="org.apache.commons.configuration.TestXMLConfiguration" time="0.003"/>
  <testcase name="testGetRootReference" classname="org.apache.commons.configuration.TestXMLConfiguration" time="0.002"/>
  <testcase name="testGetComplexProperty" classname="org.apache.commons.configuration.TestXMLConfiguration" time="0.002"/>
  <testcase name="testLoadFromURL" classname="org.apache.commons.configuration.TestXMLConfiguration" time="0.005"/>
  <testcase name="testSetAttribute" classname="org.apache.commons.configuration.TestXMLConfiguration" time="0.003"/>
  <testcase name="testSaveWithDoctypeIDs" classname="org.apache.commons.configuration.TestXMLConfiguration" time="0.005"/>
  <testcase name="testRegisterEntityIdNull" classname="org.apache.commons.configuration.TestXMLConfiguration" time="0.002"/>
  <testcase name="testAddObjectProperty" classname="org.apache.commons.configuration.TestXMLConfiguration" time="0.002"/>
  <testcase name="testAutoSaveWithSubnodeConfig" classname="org.apache.commons.configuration.TestXMLConfiguration" time="0.013"/>
  <testcase name="testAttributeSplittingAndDelimiterParsingDisabled" classname="org.apache.commons.configuration.TestXMLConfiguration" time="0.068"/>
  <testcase name="testCopyRootNameNoDocument" classname="org.apache.commons.configuration.TestXMLConfiguration" time="0.005"/>
  <testcase name="testAddList" classname="org.apache.commons.configuration.TestXMLConfiguration" time="0.003"/>
  <testcase name="testLoadWithEncoding" classname="org.apache.commons.configuration.TestXMLConfiguration" time="0.004"/>
  <testcase name="testDtd" classname="org.apache.commons.configuration.TestXMLConfiguration" time="0.005"/>
  <testcase name="testAttributeSplittingDisabled" classname="org.apache.commons.configuration.TestXMLConfiguration" time="0.004"/>
  <testcase name="testDelimiterParsingDisabledMultiAttrValues" classname="org.apache.commons.configuration.TestXMLConfiguration" time="0.005"/>
  <testcase name="testCopyRootName" classname="org.apache.commons.configuration.TestXMLConfiguration" time="0.007"/>
  <testcase name="testSaveAfterCreateWithCopyConstructor" classname="org.apache.commons.configuration.TestXMLConfiguration" time="0.005"/>
  <testcase name="testgetProperty" classname="org.apache.commons.configuration.TestXMLConfiguration" time="0.002"/>
  <testcase name="testClone" classname="org.apache.commons.configuration.TestXMLConfiguration" time="0.003"/>
  <testcase name="testSaveWindowsPath" classname="org.apache.commons.configuration.TestXMLConfiguration" time="0.006"/>
  <testcase name="testLoad" classname="org.apache.commons.configuration.TestXMLConfiguration" time="0.004"/>
  <testcase name="testSave" classname="org.apache.commons.configuration.TestXMLConfiguration" time="0.025"/>
  <testcase name="testCloneWithSave" classname="org.apache.commons.configuration.TestXMLConfiguration" time="0.014"/>
  <testcase name="testEmptyElements" classname="org.apache.commons.configuration.TestXMLConfiguration" time="0.011"/>
  <testcase name="testListWithAttributesMultiValue" classname="org.apache.commons.configuration.TestXMLConfiguration" time="0.004"/>
  <testcase name="testSplitLists" classname="org.apache.commons.configuration.TestXMLConfiguration" time="0.004"/>
  <testcase name="testXPathExpressionEngine" classname="org.apache.commons.configuration.TestXMLConfiguration" time="0.004"/>
  <testcase name="testListWithAttributes" classname="org.apache.commons.configuration.TestXMLConfiguration" time="0.003"/>
  <testcase name="testAutoSaveAddNodes" classname="org.apache.commons.configuration.TestXMLConfiguration" time="0.006"/>
  <testcase name="testSetTextRootElement" classname="org.apache.commons.configuration.TestXMLConfiguration" time="0.013"/>
  <testcase name="testSaveToStream" classname="org.apache.commons.configuration.TestXMLConfiguration" time="0.028"/>
  <testcase name="testValidating" classname="org.apache.commons.configuration.TestXMLConfiguration" time="0.007"/>
  <testcase name="testSaveWithInvalidTransformerFactory" classname="org.apache.commons.configuration.TestXMLConfiguration" time="0.002"/>
  <testcase name="testLoadWithBasePath" classname="org.apache.commons.configuration.TestXMLConfiguration" time="0.003"/>
  <testcase name="testSaveWithDelimiterParsingDisabled" classname="org.apache.commons.configuration.TestXMLConfiguration" time="0.027"/>
  <testcase name="testAutoSaveWithSubSubnodeConfig" classname="org.apache.commons.configuration.TestXMLConfiguration" time="0.013"/>
  <testcase name="testSaveWithDoctype" classname="org.apache.commons.configuration.TestXMLConfiguration" time="0.008"/>
  <testcase name="testAutoSaveWithReloadingStrategy" classname="org.apache.commons.configuration.TestXMLConfiguration" time="0.013"/>
  <testcase name="testSaveWithValidation" classname="org.apache.commons.configuration.TestXMLConfiguration" time="0.02"/>
  <testcase name="testGetPropertyWithXMLEntity" classname="org.apache.commons.configuration.TestXMLConfiguration" time="0.003"/>
  <testcase name="testPreserveSpaceInvalid" classname="org.apache.commons.configuration.TestXMLConfiguration" time="0.003"/>
  <testcase name="testPreserveSpaceOnElement" classname="org.apache.commons.configuration.TestXMLConfiguration" time="0.003"/>
  <testcase name="testConfigurationAtWithReload" classname="org.apache.commons.configuration.TestXMLConfiguration" time="0.015"/>
  <testcase name="testRefreshNoFile" classname="org.apache.commons.configuration.TestXMLConfiguration" time="0.003"/>
  <testcase name="testSetPropertyListWithDelimiterParsingDisabled" classname="org.apache.commons.configuration.TestXMLConfiguration" time="0.01"/>
  <testcase name="testDelimiterParsingDisabled" classname="org.apache.commons.configuration.TestXMLConfiguration" time="0.009"/>
  <testcase name="testSaveDelimiterParsingDisabledAttrs" classname="org.apache.commons.configuration.TestXMLConfiguration" time="0.022"/>
  <testcase name="testMultipleAttrValuesEscaped" classname="org.apache.commons.configuration.TestXMLConfiguration" time="0.019"/>
  <testcase name="testClearProperty" classname="org.apache.commons.configuration.TestXMLConfiguration" time="0.022"/>
  <testcase name="testLoadAndSaveFromFile" classname="org.apache.commons.configuration.TestXMLConfiguration" time="0.006"/>
  <testcase name="testAddPropertyListWithDelimiterParsingDisabled" classname="org.apache.commons.configuration.TestXMLConfiguration" time="0.008"/>
  <testcase name="testSetProperty" classname="org.apache.commons.configuration.TestXMLConfiguration" time="0.003"/>
  <testcase name="testAddNodesAndSave" classname="org.apache.commons.configuration.TestXMLConfiguration" time="0.013"/>
  <testcase name="testGetProperty" classname="org.apache.commons.configuration.TestXMLConfiguration" time="0.003"/>
  <testcase name="testEmptyReload" classname="org.apache.commons.configuration.TestXMLConfiguration" time="0.006"/>
  <testcase name="testCustomDocBuilder" classname="org.apache.commons.configuration.TestXMLConfiguration" time="0.005"/>
  <testcase name="testEmptyAttribute" classname="org.apache.commons.configuration.TestXMLConfiguration" time="0.01"/>
  <testcase name="testCustomDocBuilderValidationError" classname="org.apache.commons.configuration.TestXMLConfiguration" time="0.005"/>
  <testcase name="testPreserveSpaceOverride" classname="org.apache.commons.configuration.TestXMLConfiguration" time="0.003"/>
  <testcase name="testRefresh" classname="org.apache.commons.configuration.TestXMLConfiguration" time="0.006"/>
  <testcase name="testComplexNames" classname="org.apache.commons.configuration.TestXMLConfiguration" time="0.003"/>
  <testcase name="testConfigurationsAtWithReload" classname="org.apache.commons.configuration.TestXMLConfiguration" time="0.016"/>
  <testcase name="testSaveWithValidationFailure" classname="org.apache.commons.configuration.TestXMLConfiguration" time="0.015"/>
  <testcase name="testSaveToURL" classname="org.apache.commons.configuration.TestXMLConfiguration" time="0.02"/>
  <testcase name="testAddAttribute" classname="org.apache.commons.configuration.TestXMLConfiguration" time="0.003"/>
  <testcase name="testRegisterEntityId" classname="org.apache.commons.configuration.TestXMLConfiguration" time="0.009"/>
  <testcase name="testSubsetWithReload" classname="org.apache.commons.configuration.TestXMLConfiguration" time="0.017"/>
  <testcase name="testInitCopy" classname="org.apache.commons.configuration.TestXMLConfiguration" time="0.023"/>
  <testcase name="testSaveWithNullEncoding" classname="org.apache.commons.configuration.TestXMLConfiguration" time="0.005"/>
  <testcase name="testGetAttribute" classname="org.apache.commons.configuration.TestXMLConfiguration" time="0.003"/>
  <testcase name="testReloading" classname="org.apache.commons.configuration.TestXMLConfiguration" time="0.009"/>
  <testcase name="testListWithMultipleAttributesMultiValue" classname="org.apache.commons.configuration.TestXMLConfiguration" time="0.004"/>
  <testcase name="testAppend" classname="org.apache.commons.configuration.TestXMLConfiguration" time="0.018"/>
  <testcase name="testAddNodesToSubnodeConfiguration" classname="org.apache.commons.configuration.TestXMLConfiguration" time="0.004"/>
  <testcase name="testAddNodesCopy" classname="org.apache.commons.configuration.TestXMLConfiguration" time="0.044"/>
  <testcase name="testSaveDelimiterParsingDisabled" classname="org.apache.commons.configuration.TestXMLConfiguration" time="0.027"/>
  <testcase name="testSetRootAttribute" classname="org.apache.commons.configuration.TestXMLConfiguration" time="0.037"/>
  <testcase name="testGetCommentedProperty" classname="org.apache.commons.configuration.TestXMLConfiguration" time="0.004"/>
  <testcase name="testAddNodesAttributeNode" classname="org.apache.commons.configuration.TestXMLConfiguration" time="0.005"/>
  <testcase name="testSaveWithEncoding" classname="org.apache.commons.configuration.TestXMLConfiguration" time="0.006"/>
  <testcase name="testClearAttribute" classname="org.apache.commons.configuration.TestXMLConfiguration" time="0.012"/>
  <testcase name="testAddProperty" classname="org.apache.commons.configuration.TestXMLConfiguration" time="0.004"/>
  <testcase name="testGetKeysWithReload" classname="org.apache.commons.configuration.TestXMLConfiguration" time="0.025"/>
  <testcase name="testSaveAttributes" classname="org.apache.commons.configuration.TestXMLConfiguration" time="0.016"/>
  <testcase name="testSubset" classname="org.apache.commons.configuration.TestXMLConfiguration" time="0.011"/>
  <testcase name="testCustomDocBuilderValidationSuccess" classname="org.apache.commons.configuration.TestXMLConfiguration" time="0.007"/>
  <testcase name="testClearTextRootElement" classname="org.apache.commons.configuration.TestXMLConfiguration" time="0.008"/>
  <testcase name="testConcurrentGetAndReload" classname="org.apache.commons.configuration.TestXMLConfiguration" time="1.424"/>
  <testcase name="testAddObjectAttribute" classname="org.apache.commons.configuration.TestXMLConfiguration" time="0.002"/>
  <testcase name="testLoadFromStream" classname="org.apache.commons.configuration.TestXMLConfiguration" time="0.004"/>
</testsuite>