<?xml version="1.0" encoding="UTF-8"?>
<testsuite name="org.apache.commons.configuration.TestHierarchicalConfiguration" time="0.03" tests="60" errors="0" skipped="0" failures="0">
  <properties>
    <property name="java.runtime.name" value="OpenJDK Runtime Environment"/>
    <property name="sun.boot.library.path" value="/usr/lib/jvm/java-7-openjdk-amd64/jre/lib/amd64"/>
    <property name="java.vm.version" value="23.7-b01"/>
    <property name="java.vm.vendor" value="Oracle Corporation"/>
    <property name="java.vendor.url" value="http://java.oracle.com/"/>
    <property name="path.separator" value=":"/>
    <property name="java.vm.name" value="OpenJDK 64-Bit Server VM"/>
    <property name="file.encoding.pkg" value="sun.io"/>
    <property name="user.country" value="US"/>
    <property name="sun.java.launcher" value="SUN_STANDARD"/>
    <property name="sun.os.patch.level" value="unknown"/>
    <property name="java.vm.specification.name" value="Java Virtual Machine Specification"/>
    <property name="user.dir" value="/home/encarnae/Work/EmailUI/libs/commons-configuration-1.10-src"/>
    <property name="java.runtime.version" value="1.7.0_21-b02"/>
    <property name="java.awt.graphicsenv" value="sun.awt.X11GraphicsEnvironment"/>
    <property name="java.endorsed.dirs" value="/usr/lib/jvm/java-7-openjdk-amd64/jre/lib/endorsed"/>
    <property name="os.arch" value="amd64"/>
    <property name="java.io.tmpdir" value="/tmp"/>
    <property name="line.separator" value="&#10;"/>
    <property name="java.vm.specification.vendor" value="Oracle Corporation"/>
    <property name="os.name" value="Linux"/>
    <property name="classworlds.conf" value="/usr/share/maven2/bin/m2.conf"/>
    <property name="sun.jnu.encoding" value="UTF-8"/>
    <property name="java.library.path" value="/usr/java/packages/lib/amd64:/usr/lib/jni:/lib:/usr/lib"/>
    <property name="java.specification.name" value="Java Platform API Specification"/>
    <property name="java.class.version" value="51.0"/>
    <property name="sun.management.compiler" value="HotSpot 64-Bit Tiered Compilers"/>
    <property name="os.version" value="3.5.0-17-generic"/>
    <property name="user.home" value="/home/encarnae"/>
    <property name="user.timezone" value="America/New_York"/>
    <property name="java.awt.printerjob" value="sun.print.PSPrinterJob"/>
    <property name="file.encoding" value="UTF-8"/>
    <property name="java.specification.version" value="1.7"/>
    <property name="user.name" value="encarnae"/>
    <property name="java.class.path" value="/usr/share/maven2/boot/classworlds.jar"/>
    <property name="java.vm.specification.version" value="1.7"/>
    <property name="sun.arch.data.model" value="64"/>
    <property name="java.home" value="/usr/lib/jvm/java-7-openjdk-amd64/jre"/>
    <property name="sun.java.command" value="org.codehaus.classworlds.Launcher &quot;install&quot;"/>
    <property name="java.specification.vendor" value="Oracle Corporation"/>
    <property name="user.language" value="en"/>
    <property name="awt.toolkit" value="sun.awt.X11.XToolkit"/>
    <property name="java.vm.info" value="mixed mode"/>
    <property name="java.version" value="1.7.0_21"/>
    <property name="java.ext.dirs" value="/usr/lib/jvm/java-7-openjdk-amd64/jre/lib/ext:/usr/java/packages/lib/ext"/>
    <property name="securerandom.source" value="file:/dev/./urandom"/>
    <property name="sun.boot.class.path" value="/usr/lib/jvm/java-7-openjdk-amd64/jre/lib/resources.jar:/usr/lib/jvm/java-7-openjdk-amd64/jre/lib/rt.jar:/usr/lib/jvm/java-7-openjdk-amd64/jre/lib/sunrsasign.jar:/usr/lib/jvm/java-7-openjdk-amd64/jre/lib/jsse.jar:/usr/lib/jvm/java-7-openjdk-amd64/jre/lib/jce.jar:/usr/lib/jvm/java-7-openjdk-amd64/jre/lib/charsets.jar:/usr/lib/jvm/java-7-openjdk-amd64/jre/lib/netx.jar:/usr/lib/jvm/java-7-openjdk-amd64/jre/lib/plugin.jar:/usr/lib/jvm/java-7-openjdk-amd64/jre/lib/rhino.jar:/usr/lib/jvm/java-7-openjdk-amd64/jre/lib/jfr.jar:/usr/lib/jvm/java-7-openjdk-amd64/jre/classes"/>
    <property name="java.vendor" value="Oracle Corporation"/>
    <property name="maven.home" value="/usr/share/maven2"/>
    <property name="file.separator" value="/"/>
    <property name="java.vendor.url.bug" value="http://bugreport.sun.com/bugreport/"/>
    <property name="sun.cpu.endian" value="little"/>
    <property name="sun.io.unicode.encoding" value="UnicodeLittle"/>
    <property name="sun.desktop" value="gnome"/>
    <property name="sun.cpu.isalist" value=""/>
  </properties>
  <testcase name="testClearTreeComplex" classname="org.apache.commons.configuration.TestHierarchicalConfiguration" time="0.002"/>
  <testcase name="testConfigurationAtUnknownSubTree" classname="org.apache.commons.configuration.TestHierarchicalConfiguration" time="0"/>
  <testcase name="testGetRootAfterSetRootNode" classname="org.apache.commons.configuration.TestHierarchicalConfiguration" time="0"/>
  <testcase name="testInterpolationUnknownProperty" classname="org.apache.commons.configuration.TestHierarchicalConfiguration" time="0.002"/>
  <testcase name="testInterpolation" classname="org.apache.commons.configuration.TestHierarchicalConfiguration" time="0.001"/>
  <testcase name="testGetKeysWithKeyAsPrefixMultiple" classname="org.apache.commons.configuration.TestHierarchicalConfiguration" time="0"/>
  <testcase name="testSetDefaultExpressionEngineNull" classname="org.apache.commons.configuration.TestHierarchicalConfiguration" time="0"/>
  <testcase name="testInitCopyNull" classname="org.apache.commons.configuration.TestHierarchicalConfiguration" time="0"/>
  <testcase name="testInterpolationBasic" classname="org.apache.commons.configuration.TestHierarchicalConfiguration" time="0"/>
  <testcase name="testClear" classname="org.apache.commons.configuration.TestHierarchicalConfiguration" time="0"/>
  <testcase name="testClone" classname="org.apache.commons.configuration.TestHierarchicalConfiguration" time="0.001"/>
  <testcase name="testInitCopyUpdate" classname="org.apache.commons.configuration.TestHierarchicalConfiguration" time="0.001"/>
  <testcase name="testInterpolator" classname="org.apache.commons.configuration.TestHierarchicalConfiguration" time="0.001"/>
  <testcase name="testInterpolationSubset" classname="org.apache.commons.configuration.TestHierarchicalConfiguration" time="0"/>
  <testcase name="testSetExpressionEngine" classname="org.apache.commons.configuration.TestHierarchicalConfiguration" time="0.001"/>
  <testcase name="testInterpolationEscaped" classname="org.apache.commons.configuration.TestHierarchicalConfiguration" time="0.001"/>
  <testcase name="testConfigurationsAt" classname="org.apache.commons.configuration.TestHierarchicalConfiguration" time="0.001"/>
  <testcase name="testInterpolationSysProperties" classname="org.apache.commons.configuration.TestHierarchicalConfiguration" time="0.001"/>
  <testcase name="testConfigurationAtClear" classname="org.apache.commons.configuration.TestHierarchicalConfiguration" time="0"/>
  <testcase name="testClearTree" classname="org.apache.commons.configuration.TestHierarchicalConfiguration" time="0"/>
  <testcase name="testSubsetMultipleNodesWithValues" classname="org.apache.commons.configuration.TestHierarchicalConfiguration" time="0.001"/>
  <testcase name="testNodeVisitorKeys" classname="org.apache.commons.configuration.TestHierarchicalConfiguration" time="0.001"/>
  <testcase name="testAddNodes" classname="org.apache.commons.configuration.TestHierarchicalConfiguration" time="0"/>
  <testcase name="testInterpolationSubsetMultipleLayers" classname="org.apache.commons.configuration.TestHierarchicalConfiguration" time="0.001"/>
  <testcase name="testCloneWithEventListeners" classname="org.apache.commons.configuration.TestHierarchicalConfiguration" time="0"/>
  <testcase name="testGetKeys" classname="org.apache.commons.configuration.TestHierarchicalConfiguration" time="0"/>
  <testcase name="testContainsKey" classname="org.apache.commons.configuration.TestHierarchicalConfiguration" time="0"/>
  <testcase name="testAddNodesForNonExistingKey" classname="org.apache.commons.configuration.TestHierarchicalConfiguration" time="0"/>
  <testcase name="testSetRootNodeNull" classname="org.apache.commons.configuration.TestHierarchicalConfiguration" time="0"/>
  <testcase name="testAddNodesWithAttributeKey" classname="org.apache.commons.configuration.TestHierarchicalConfiguration" time="0"/>
  <testcase name="testInterpolationConstants" classname="org.apache.commons.configuration.TestHierarchicalConfiguration" time="0.002"/>
  <testcase name="testConfigurationsAtEmpty" classname="org.apache.commons.configuration.TestHierarchicalConfiguration" time="0"/>
  <testcase name="testClearTreeHierarchy" classname="org.apache.commons.configuration.TestHierarchicalConfiguration" time="0"/>
  <testcase name="testClearProperty" classname="org.apache.commons.configuration.TestHierarchicalConfiguration" time="0.001"/>
  <testcase name="testSubsetNodeWithValue" classname="org.apache.commons.configuration.TestHierarchicalConfiguration" time="0.001"/>
  <testcase name="testSetProperty" classname="org.apache.commons.configuration.TestHierarchicalConfiguration" time="0.001"/>
  <testcase name="testGetProperty" classname="org.apache.commons.configuration.TestHierarchicalConfiguration" time="0.001"/>
  <testcase name="testNodeRemove" classname="org.apache.commons.configuration.TestHierarchicalConfiguration" time="0"/>
  <testcase name="testInterpolatedConfiguration" classname="org.apache.commons.configuration.TestHierarchicalConfiguration" time="0.002"/>
  <testcase name="testGetPropertyKeyWithBrackets" classname="org.apache.commons.configuration.TestHierarchicalConfiguration" time="0"/>
  <testcase name="testNodeVisitor" classname="org.apache.commons.configuration.TestHierarchicalConfiguration" time="0"/>
  <testcase name="testInterpolationLoop" classname="org.apache.commons.configuration.TestHierarchicalConfiguration" time="0"/>
  <testcase name="testInitCopy" classname="org.apache.commons.configuration.TestHierarchicalConfiguration" time="0.001"/>
  <testcase name="testSetRootNode" classname="org.apache.commons.configuration.TestHierarchicalConfiguration" time="0"/>
  <testcase name="testSetRootNull" classname="org.apache.commons.configuration.TestHierarchicalConfiguration" time="0"/>
  <testcase name="testConfigurationAtMultipleNodes" classname="org.apache.commons.configuration.TestHierarchicalConfiguration" time="0"/>
  <testcase name="testAddPropertyInvalidKey" classname="org.apache.commons.configuration.TestHierarchicalConfiguration" time="0"/>
  <testcase name="testAddNodesCopy" classname="org.apache.commons.configuration.TestHierarchicalConfiguration" time="0.001"/>
  <testcase name="testNodeParentsAfterSetRootNode" classname="org.apache.commons.configuration.TestHierarchicalConfiguration" time="0.001"/>
  <testcase name="testAddNodesAttributeNode" classname="org.apache.commons.configuration.TestHierarchicalConfiguration" time="0"/>
  <testcase name="testSetRoot" classname="org.apache.commons.configuration.TestHierarchicalConfiguration" time="0"/>
  <testcase name="testIsEmpty" classname="org.apache.commons.configuration.TestHierarchicalConfiguration" time="0"/>
  <testcase name="testAddProperty" classname="org.apache.commons.configuration.TestHierarchicalConfiguration" time="0.001"/>
  <testcase name="testInterpolationMultipleLevels" classname="org.apache.commons.configuration.TestHierarchicalConfiguration" time="0"/>
  <testcase name="testSubset" classname="org.apache.commons.configuration.TestHierarchicalConfiguration" time="0.001"/>
  <testcase name="testConfigurationAt" classname="org.apache.commons.configuration.TestHierarchicalConfiguration" time="0.001"/>
  <testcase name="testSetDefaultExpressionEngine" classname="org.apache.commons.configuration.TestHierarchicalConfiguration" time="0"/>
  <testcase name="testGetKeysString" classname="org.apache.commons.configuration.TestHierarchicalConfiguration" time="0.001"/>
  <testcase name="testGetMaxIndex" classname="org.apache.commons.configuration.TestHierarchicalConfiguration" time="0"/>
  <testcase name="testGetKeysWithKeyAsPrefix" classname="org.apache.commons.configuration.TestHierarchicalConfiguration" time="0"/>
</testsuite>