<?xml version="1.0" encoding="UTF-8"?>
<testsuite name="org.apache.commons.configuration.TestPropertiesConfiguration" time="0.364" tests="69" errors="0" skipped="0" failures="0">
  <properties>
    <property name="java.runtime.name" value="OpenJDK Runtime Environment"/>
    <property name="sun.boot.library.path" value="/usr/lib/jvm/java-7-openjdk-amd64/jre/lib/amd64"/>
    <property name="java.vm.version" value="23.7-b01"/>
    <property name="java.vm.vendor" value="Oracle Corporation"/>
    <property name="java.vendor.url" value="http://java.oracle.com/"/>
    <property name="path.separator" value=":"/>
    <property name="java.vm.name" value="OpenJDK 64-Bit Server VM"/>
    <property name="file.encoding.pkg" value="sun.io"/>
    <property name="user.country" value="US"/>
    <property name="sun.java.launcher" value="SUN_STANDARD"/>
    <property name="sun.os.patch.level" value="unknown"/>
    <property name="java.vm.specification.name" value="Java Virtual Machine Specification"/>
    <property name="user.dir" value="/home/encarnae/Work/EmailUI/libs/commons-configuration-1.10-src"/>
    <property name="java.runtime.version" value="1.7.0_21-b02"/>
    <property name="java.awt.graphicsenv" value="sun.awt.X11GraphicsEnvironment"/>
    <property name="java.endorsed.dirs" value="/usr/lib/jvm/java-7-openjdk-amd64/jre/lib/endorsed"/>
    <property name="os.arch" value="amd64"/>
    <property name="java.io.tmpdir" value="/tmp"/>
    <property name="line.separator" value="&#10;"/>
    <property name="java.vm.specification.vendor" value="Oracle Corporation"/>
    <property name="os.name" value="Linux"/>
    <property name="classworlds.conf" value="/usr/share/maven2/bin/m2.conf"/>
    <property name="sun.jnu.encoding" value="UTF-8"/>
    <property name="java.library.path" value="/usr/java/packages/lib/amd64:/usr/lib/jni:/lib:/usr/lib"/>
    <property name="java.specification.name" value="Java Platform API Specification"/>
    <property name="java.class.version" value="51.0"/>
    <property name="sun.management.compiler" value="HotSpot 64-Bit Tiered Compilers"/>
    <property name="os.version" value="3.5.0-17-generic"/>
    <property name="user.home" value="/home/encarnae"/>
    <property name="user.timezone" value="America/New_York"/>
    <property name="java.awt.printerjob" value="sun.print.PSPrinterJob"/>
    <property name="file.encoding" value="UTF-8"/>
    <property name="java.specification.version" value="1.7"/>
    <property name="user.name" value="encarnae"/>
    <property name="java.class.path" value="/usr/share/maven2/boot/classworlds.jar"/>
    <property name="java.vm.specification.version" value="1.7"/>
    <property name="sun.arch.data.model" value="64"/>
    <property name="java.home" value="/usr/lib/jvm/java-7-openjdk-amd64/jre"/>
    <property name="sun.java.command" value="org.codehaus.classworlds.Launcher &quot;install&quot;"/>
    <property name="java.specification.vendor" value="Oracle Corporation"/>
    <property name="user.language" value="en"/>
    <property name="awt.toolkit" value="sun.awt.X11.XToolkit"/>
    <property name="java.vm.info" value="mixed mode"/>
    <property name="java.version" value="1.7.0_21"/>
    <property name="java.ext.dirs" value="/usr/lib/jvm/java-7-openjdk-amd64/jre/lib/ext:/usr/java/packages/lib/ext"/>
    <property name="securerandom.source" value="file:/dev/./urandom"/>
    <property name="sun.boot.class.path" value="/usr/lib/jvm/java-7-openjdk-amd64/jre/lib/resources.jar:/usr/lib/jvm/java-7-openjdk-amd64/jre/lib/rt.jar:/usr/lib/jvm/java-7-openjdk-amd64/jre/lib/sunrsasign.jar:/usr/lib/jvm/java-7-openjdk-amd64/jre/lib/jsse.jar:/usr/lib/jvm/java-7-openjdk-amd64/jre/lib/jce.jar:/usr/lib/jvm/java-7-openjdk-amd64/jre/lib/charsets.jar:/usr/lib/jvm/java-7-openjdk-amd64/jre/lib/netx.jar:/usr/lib/jvm/java-7-openjdk-amd64/jre/lib/plugin.jar:/usr/lib/jvm/java-7-openjdk-amd64/jre/lib/rhino.jar:/usr/lib/jvm/java-7-openjdk-amd64/jre/lib/jfr.jar:/usr/lib/jvm/java-7-openjdk-amd64/jre/classes"/>
    <property name="java.vendor" value="Oracle Corporation"/>
    <property name="maven.home" value="/usr/share/maven2"/>
    <property name="file.separator" value="/"/>
    <property name="java.vendor.url.bug" value="http://bugreport.sun.com/bugreport/"/>
    <property name="sun.cpu.endian" value="little"/>
    <property name="sun.io.unicode.encoding" value="UnicodeLittle"/>
    <property name="sun.desktop" value="gnome"/>
    <property name="sun.cpu.isalist" value=""/>
  </properties>
  <testcase name="testCopyAndSave" classname="org.apache.commons.configuration.TestPropertiesConfiguration" time="0.007"/>
  <testcase name="testSaveToCustomURL" classname="org.apache.commons.configuration.TestPropertiesConfiguration" time="0.007"/>
  <testcase name="testPropertyLoadedInclude" classname="org.apache.commons.configuration.TestPropertiesConfiguration" time="0.002"/>
  <testcase name="testBackslashEscapingInLists" classname="org.apache.commons.configuration.TestPropertiesConfiguration" time="0.002"/>
  <testcase name="testLoadIncludeInterpol" classname="org.apache.commons.configuration.TestPropertiesConfiguration" time="0.002"/>
  <testcase name="testSaveWithBasePath" classname="org.apache.commons.configuration.TestPropertiesConfiguration" time="0.027"/>
  <testcase name="testLoadWithAutoSave" classname="org.apache.commons.configuration.TestPropertiesConfiguration" time="0.01"/>
  <testcase name="testIsCommentLine" classname="org.apache.commons.configuration.TestPropertiesConfiguration" time="0.002"/>
  <testcase name="testSlashEscaping" classname="org.apache.commons.configuration.TestPropertiesConfiguration" time="0.003"/>
  <testcase name="testEscapedKeyValueSeparator" classname="org.apache.commons.configuration.TestPropertiesConfiguration" time="0.001"/>
  <testcase name="testDisableListDelimiter" classname="org.apache.commons.configuration.TestPropertiesConfiguration" time="0.002"/>
  <testcase name="testSetIOFactoryNull" classname="org.apache.commons.configuration.TestPropertiesConfiguration" time="0.001"/>
  <testcase name="testLoadViaPropertyWithBasePath2" classname="org.apache.commons.configuration.TestPropertiesConfiguration" time="0.002"/>
  <testcase name="testUnescapeJava" classname="org.apache.commons.configuration.TestPropertiesConfiguration" time="0.001"/>
  <testcase name="testLoadUnexistingFile" classname="org.apache.commons.configuration.TestPropertiesConfiguration" time="0.002"/>
  <testcase name="testClone" classname="org.apache.commons.configuration.TestPropertiesConfiguration" time="0.004"/>
  <testcase name="testEmpty" classname="org.apache.commons.configuration.TestPropertiesConfiguration" time="0.001"/>
  <testcase name="testPropertyLoadedIncludeNotAllowed" classname="org.apache.commons.configuration.TestPropertiesConfiguration" time="0.001"/>
  <testcase name="testList" classname="org.apache.commons.configuration.TestPropertiesConfiguration" time="0.001"/>
  <testcase name="testLoad" classname="org.apache.commons.configuration.TestPropertiesConfiguration" time="0"/>
  <testcase name="testSave" classname="org.apache.commons.configuration.TestPropertiesConfiguration" time="0.003"/>
  <testcase name="testSetIOFactoryReader" classname="org.apache.commons.configuration.TestPropertiesConfiguration" time="0.002"/>
  <testcase name="testLoadIncludeFromClassPath" classname="org.apache.commons.configuration.TestPropertiesConfiguration" time="0.001"/>
  <testcase name="testEscapedKey" classname="org.apache.commons.configuration.TestPropertiesConfiguration" time="0.001"/>
  <testcase name="testChangingListDelimiter" classname="org.apache.commons.configuration.TestPropertiesConfiguration" time="0.003"/>
  <testcase name="testNewLineEscaping" classname="org.apache.commons.configuration.TestPropertiesConfiguration" time="0.002"/>
  <testcase name="testLoadWithAutoSaveAndSetNew" classname="org.apache.commons.configuration.TestPropertiesConfiguration" time="0.003"/>
  <testcase name="testKeyValueSeparators" classname="org.apache.commons.configuration.TestPropertiesConfiguration" time="0.002"/>
  <testcase name="testSetIOFactoryWriter" classname="org.apache.commons.configuration.TestPropertiesConfiguration" time="0.005"/>
  <testcase name="testReadFooterComment" classname="org.apache.commons.configuration.TestPropertiesConfiguration" time="0.002"/>
  <testcase name="testSaveWithDelimiterParsingDisabled" classname="org.apache.commons.configuration.TestPropertiesConfiguration" time="0.003"/>
  <testcase name="testGetIOFactoryDefault" classname="org.apache.commons.configuration.TestPropertiesConfiguration" time="0.001"/>
  <testcase name="testLoadWithAutoSaveAndSetExisting" classname="org.apache.commons.configuration.TestPropertiesConfiguration" time="0.003"/>
  <testcase name="testMixedArray" classname="org.apache.commons.configuration.TestPropertiesConfiguration" time="0.002"/>
  <testcase name="testSaveToHTTPServerFail" classname="org.apache.commons.configuration.TestPropertiesConfiguration" time="0.004"/>
  <testcase name="testLoadWithAutoSaveAndAdd" classname="org.apache.commons.configuration.TestPropertiesConfiguration" time="0.002"/>
  <testcase name="testReference" classname="org.apache.commons.configuration.TestPropertiesConfiguration" time="0.003"/>
  <testcase name="testSaveToHTTPServerSuccess" classname="org.apache.commons.configuration.TestPropertiesConfiguration" time="0.004"/>
  <testcase name="testSetInclude" classname="org.apache.commons.configuration.TestPropertiesConfiguration" time="0.003"/>
  <testcase name="testInMemoryCreatedSave" classname="org.apache.commons.configuration.TestPropertiesConfiguration" time="0.002"/>
  <testcase name="testSetPropertyListWithDelimiterParsingDisabled" classname="org.apache.commons.configuration.TestPropertiesConfiguration" time="0.112"/>
  <testcase name="testReentrantReload" classname="org.apache.commons.configuration.TestPropertiesConfiguration" time="0.001"/>
  <testcase name="testSaveEscapedEscapingCharacter" classname="org.apache.commons.configuration.TestPropertiesConfiguration" time="0.002"/>
  <testcase name="testSaveWithDataConfig" classname="org.apache.commons.configuration.TestPropertiesConfiguration" time="0.002"/>
  <testcase name="testMultilines" classname="org.apache.commons.configuration.TestPropertiesConfiguration" time="0.001"/>
  <testcase name="testGetStringWithEscapedChars" classname="org.apache.commons.configuration.TestPropertiesConfiguration" time="0.001"/>
  <testcase name="testGetStringWithEscapedComma" classname="org.apache.commons.configuration.TestPropertiesConfiguration" time="0"/>
  <testcase name="testComment" classname="org.apache.commons.configuration.TestPropertiesConfiguration" time="0"/>
  <testcase name="testInitFromNonExistingFile" classname="org.apache.commons.configuration.TestPropertiesConfiguration" time="0.002"/>
  <testcase name="testLoadWithAutoSaveAndClear" classname="org.apache.commons.configuration.TestPropertiesConfiguration" time="0.001"/>
  <testcase name="testLoadIncludeFromReader" classname="org.apache.commons.configuration.TestPropertiesConfiguration" time="0.04"/>
  <testcase name="testAppendAndSave" classname="org.apache.commons.configuration.TestPropertiesConfiguration" time="0.002"/>
  <testcase name="testLoadInclude" classname="org.apache.commons.configuration.TestPropertiesConfiguration" time="0.001"/>
  <testcase name="testLoadWithDefaultEncoding" classname="org.apache.commons.configuration.TestPropertiesConfiguration" time="0.001"/>
  <testcase name="testPropertyLoaded" classname="org.apache.commons.configuration.TestPropertiesConfiguration" time="0.001"/>
  <testcase name="testLoadFromFile" classname="org.apache.commons.configuration.TestPropertiesConfiguration" time="0.003"/>
  <testcase name="testIncludeInSubDir" classname="org.apache.commons.configuration.TestPropertiesConfiguration" time="0.034"/>
  <testcase name="testFileWithSharpSymbol" classname="org.apache.commons.configuration.TestPropertiesConfiguration" time="0.005"/>
  <testcase name="testAppend" classname="org.apache.commons.configuration.TestPropertiesConfiguration" time="0.001"/>
  <testcase name="testGetLayout" classname="org.apache.commons.configuration.TestPropertiesConfiguration" time="0.001"/>
  <testcase name="testCloneNullLayout" classname="org.apache.commons.configuration.TestPropertiesConfiguration" time="0.002"/>
  <testcase name="testChangingDefaultListDelimiter" classname="org.apache.commons.configuration.TestPropertiesConfiguration" time="0.004"/>
  <testcase name="testDisableIncludes" classname="org.apache.commons.configuration.TestPropertiesConfiguration" time="0.002"/>
  <testcase name="testLoadViaProperty" classname="org.apache.commons.configuration.TestPropertiesConfiguration" time="0.002"/>
  <testcase name="testKeepSeparators" classname="org.apache.commons.configuration.TestPropertiesConfiguration" time="0.007"/>
  <testcase name="testWriteFooterComment" classname="org.apache.commons.configuration.TestPropertiesConfiguration" time="0.002"/>
  <testcase name="testLoadViaPropertyWithBasePath" classname="org.apache.commons.configuration.TestPropertiesConfiguration" time="0.002"/>
  <testcase name="testLineSeparator" classname="org.apache.commons.configuration.TestPropertiesConfiguration" time="0.001"/>
  <testcase name="testSaveMissingFilename" classname="org.apache.commons.configuration.TestPropertiesConfiguration" time="0.002"/>
</testsuite>