<?xml version="1.0" encoding="UTF-8"?>
<testsuite name="org.apache.commons.configuration.TestDatabaseConfiguration" time="1.123" tests="36" errors="0" skipped="0" failures="0">
  <properties>
    <property name="java.runtime.name" value="OpenJDK Runtime Environment"/>
    <property name="sun.boot.library.path" value="/usr/lib/jvm/java-7-openjdk-amd64/jre/lib/amd64"/>
    <property name="java.vm.version" value="23.7-b01"/>
    <property name="java.vm.vendor" value="Oracle Corporation"/>
    <property name="java.vendor.url" value="http://java.oracle.com/"/>
    <property name="path.separator" value=":"/>
    <property name="java.vm.name" value="OpenJDK 64-Bit Server VM"/>
    <property name="file.encoding.pkg" value="sun.io"/>
    <property name="user.country" value="US"/>
    <property name="sun.java.launcher" value="SUN_STANDARD"/>
    <property name="sun.os.patch.level" value="unknown"/>
    <property name="java.vm.specification.name" value="Java Virtual Machine Specification"/>
    <property name="user.dir" value="/home/encarnae/Work/EmailUI/libs/commons-configuration-1.10-src"/>
    <property name="java.runtime.version" value="1.7.0_21-b02"/>
    <property name="java.awt.graphicsenv" value="sun.awt.X11GraphicsEnvironment"/>
    <property name="java.endorsed.dirs" value="/usr/lib/jvm/java-7-openjdk-amd64/jre/lib/endorsed"/>
    <property name="os.arch" value="amd64"/>
    <property name="java.io.tmpdir" value="/tmp"/>
    <property name="line.separator" value="&#10;"/>
    <property name="java.vm.specification.vendor" value="Oracle Corporation"/>
    <property name="os.name" value="Linux"/>
    <property name="classworlds.conf" value="/usr/share/maven2/bin/m2.conf"/>
    <property name="sun.jnu.encoding" value="UTF-8"/>
    <property name="java.library.path" value="/usr/java/packages/lib/amd64:/usr/lib/jni:/lib:/usr/lib"/>
    <property name="java.specification.name" value="Java Platform API Specification"/>
    <property name="java.class.version" value="51.0"/>
    <property name="sun.management.compiler" value="HotSpot 64-Bit Tiered Compilers"/>
    <property name="os.version" value="3.5.0-17-generic"/>
    <property name="user.home" value="/home/encarnae"/>
    <property name="user.timezone" value="America/New_York"/>
    <property name="java.awt.printerjob" value="sun.print.PSPrinterJob"/>
    <property name="file.encoding" value="UTF-8"/>
    <property name="java.specification.version" value="1.7"/>
    <property name="user.name" value="encarnae"/>
    <property name="java.class.path" value="/usr/share/maven2/boot/classworlds.jar"/>
    <property name="java.vm.specification.version" value="1.7"/>
    <property name="sun.arch.data.model" value="64"/>
    <property name="java.home" value="/usr/lib/jvm/java-7-openjdk-amd64/jre"/>
    <property name="sun.java.command" value="org.codehaus.classworlds.Launcher &quot;install&quot;"/>
    <property name="java.specification.vendor" value="Oracle Corporation"/>
    <property name="user.language" value="en"/>
    <property name="awt.toolkit" value="sun.awt.X11.XToolkit"/>
    <property name="java.vm.info" value="mixed mode"/>
    <property name="java.version" value="1.7.0_21"/>
    <property name="java.ext.dirs" value="/usr/lib/jvm/java-7-openjdk-amd64/jre/lib/ext:/usr/java/packages/lib/ext"/>
    <property name="securerandom.source" value="file:/dev/./urandom"/>
    <property name="sun.boot.class.path" value="/usr/lib/jvm/java-7-openjdk-amd64/jre/lib/resources.jar:/usr/lib/jvm/java-7-openjdk-amd64/jre/lib/rt.jar:/usr/lib/jvm/java-7-openjdk-amd64/jre/lib/sunrsasign.jar:/usr/lib/jvm/java-7-openjdk-amd64/jre/lib/jsse.jar:/usr/lib/jvm/java-7-openjdk-amd64/jre/lib/jce.jar:/usr/lib/jvm/java-7-openjdk-amd64/jre/lib/charsets.jar:/usr/lib/jvm/java-7-openjdk-amd64/jre/lib/netx.jar:/usr/lib/jvm/java-7-openjdk-amd64/jre/lib/plugin.jar:/usr/lib/jvm/java-7-openjdk-amd64/jre/lib/rhino.jar:/usr/lib/jvm/java-7-openjdk-amd64/jre/lib/jfr.jar:/usr/lib/jvm/java-7-openjdk-amd64/jre/classes"/>
    <property name="java.vendor" value="Oracle Corporation"/>
    <property name="maven.home" value="/usr/share/maven2"/>
    <property name="file.separator" value="/"/>
    <property name="java.vendor.url.bug" value="http://bugreport.sun.com/bugreport/"/>
    <property name="sun.cpu.endian" value="little"/>
    <property name="sun.io.unicode.encoding" value="UnicodeLittle"/>
    <property name="sun.desktop" value="gnome"/>
    <property name="sun.cpu.isalist" value=""/>
  </properties>
  <testcase name="testGetKeysMultiple" classname="org.apache.commons.configuration.TestDatabaseConfiguration" time="0.018"/>
  <testcase name="testGetListWithDelimiter" classname="org.apache.commons.configuration.TestDatabaseConfiguration" time="0.018"/>
  <testcase name="testClearPropertyCommit" classname="org.apache.commons.configuration.TestDatabaseConfiguration" time="0.015"/>
  <testcase name="testClearError" classname="org.apache.commons.configuration.TestDatabaseConfiguration" time="0.025"/>
  <testcase name="testContainsKeySingle" classname="org.apache.commons.configuration.TestDatabaseConfiguration" time="0.015"/>
  <testcase name="testClearPropertySingle" classname="org.apache.commons.configuration.TestDatabaseConfiguration" time="0.017"/>
  <testcase name="testSetPropertyWithDelimiter" classname="org.apache.commons.configuration.TestDatabaseConfiguration" time="0.02"/>
  <testcase name="testAddNonStringProperty" classname="org.apache.commons.configuration.TestDatabaseConfiguration" time="0.02"/>
  <testcase name="testContainsKeyError" classname="org.apache.commons.configuration.TestDatabaseConfiguration" time="0.018"/>
  <testcase name="testDoCommitsDefault" classname="org.apache.commons.configuration.TestDatabaseConfiguration" time="0.017"/>
  <testcase name="testAddWithDelimiter" classname="org.apache.commons.configuration.TestDatabaseConfiguration" time="0.018"/>
  <testcase name="testGetKeys" classname="org.apache.commons.configuration.TestDatabaseConfiguration" time="0.017"/>
  <testcase name="testGetList" classname="org.apache.commons.configuration.TestDatabaseConfiguration" time="0.021"/>
  <testcase name="testIsEmptyMultiple" classname="org.apache.commons.configuration.TestDatabaseConfiguration" time="0.03"/>
  <testcase name="testGetKeysError" classname="org.apache.commons.configuration.TestDatabaseConfiguration" time="0.021"/>
  <testcase name="testLogErrorListener" classname="org.apache.commons.configuration.TestDatabaseConfiguration" time="0.032"/>
  <testcase name="testGetPropertyDirectMultiple" classname="org.apache.commons.configuration.TestDatabaseConfiguration" time="0.031"/>
  <testcase name="testDoCommitsDefaultMulti" classname="org.apache.commons.configuration.TestDatabaseConfiguration" time="0.032"/>
  <testcase name="testGetListWithDelimiterParsingDisabled" classname="org.apache.commons.configuration.TestDatabaseConfiguration" time="0.034"/>
  <testcase name="testContainsKeyMultiple" classname="org.apache.commons.configuration.TestDatabaseConfiguration" time="0.042"/>
  <testcase name="testAddPropertyDirectCommit" classname="org.apache.commons.configuration.TestDatabaseConfiguration" time="0.046"/>
  <testcase name="testClearPropertyMultipleOtherConfig" classname="org.apache.commons.configuration.TestDatabaseConfiguration" time="0.039"/>
  <testcase name="testClearPropertyError" classname="org.apache.commons.configuration.TestDatabaseConfiguration" time="0.042"/>
  <testcase name="testClearPropertyMultiple" classname="org.apache.commons.configuration.TestDatabaseConfiguration" time="0.062"/>
  <testcase name="testGetPropertyError" classname="org.apache.commons.configuration.TestDatabaseConfiguration" time="0.063"/>
  <testcase name="testAddPropertyDirectSingle" classname="org.apache.commons.configuration.TestDatabaseConfiguration" time="0.037"/>
  <testcase name="testGetPropertyDirectSingle" classname="org.apache.commons.configuration.TestDatabaseConfiguration" time="0.08"/>
  <testcase name="testAddPropertyDirectMultiple" classname="org.apache.commons.configuration.TestDatabaseConfiguration" time="0.061"/>
  <testcase name="testClearCommit" classname="org.apache.commons.configuration.TestDatabaseConfiguration" time="0.042"/>
  <testcase name="testIsEmptySingle" classname="org.apache.commons.configuration.TestDatabaseConfiguration" time="0.027"/>
  <testcase name="testGetKeysSingle" classname="org.apache.commons.configuration.TestDatabaseConfiguration" time="0.021"/>
  <testcase name="testClearMultiple" classname="org.apache.commons.configuration.TestDatabaseConfiguration" time="0.036"/>
  <testcase name="testClearSingle" classname="org.apache.commons.configuration.TestDatabaseConfiguration" time="0.034"/>
  <testcase name="testClearSubset" classname="org.apache.commons.configuration.TestDatabaseConfiguration" time="0.029"/>
  <testcase name="testIsEmptyError" classname="org.apache.commons.configuration.TestDatabaseConfiguration" time="0.021"/>
  <testcase name="testAddPropertyError" classname="org.apache.commons.configuration.TestDatabaseConfiguration" time="0.022"/>
</testsuite>